2025.10.04 03:37:42 INFO  Started: Metals version 1.6.2 in folders 'C:\Users\pixel\Desktop\Education\5. semester\Software Design Methods\Assignments\cs332-assign\forcomp' for client Zed Nightly 0.208.0.
2025.10.04 03:37:43 INFO  no build target found for C:\Users\pixel\Desktop\Education\5. semester\Software Design Methods\Assignments\cs332-assign\forcomp\src\main\scala\forcomp\Anagrams.scala. Using presentation compiler with project's scala-library version: 3.3.6
2025.10.04 03:37:43 WARN  Unsupported sbt version 0.13.7
2025.10.04 03:37:43 WARN  Build server is not auto-connectable.
2025.10.04 03:37:43 INFO  no build target found for C:\Users\pixel\Desktop\Education\5. semester\Software Design Methods\Assignments\cs332-assign\forcomp\src\main\scala\forcomp\Anagrams.scala. Using presentation compiler with project's scala-library version: 3.3.6
2025.10.04 03:37:43 WARN  no build target for: C:\Users\pixel\Desktop\Education\5. semester\Software Design Methods\Assignments\cs332-assign\forcomp\src\main\scala\forcomp\Anagrams.scala
2025.10.04 03:37:46 INFO  no build target found for C:\Users\pixel\Desktop\Education\5. semester\Software Design Methods\Assignments\cs332-assign\forcomp\src\main\scala\forcomp\Anagrams.scala. Using presentation compiler with project's scala-library version: 3.3.6
2025.10.04 03:37:46 INFO  no build target found for C:\Users\pixel\Desktop\Education\5. semester\Software Design Methods\Assignments\cs332-assign\forcomp\src\main\scala\forcomp\Anagrams.scala. Using presentation compiler with project's scala-library version: 3.3.6
2025.10.04 03:39:42 INFO  no build target found for C:\Users\pixel\Desktop\Education\5. semester\Software Design Methods\Assignments\cs332-assign\forcomp\src\main\scala\forcomp\Anagrams.scala. Using presentation compiler with project's scala-library version: 3.3.6
2025.10.04 03:39:42 INFO  no build target found for C:\Users\pixel\Desktop\Education\5. semester\Software Design Methods\Assignments\cs332-assign\forcomp\src\main\scala\forcomp\Anagrams.scala. Using presentation compiler with project's scala-library version: 3.3.6
2025.10.04 03:39:42 INFO  no build target found for C:\Users\pixel\Desktop\Education\5. semester\Software Design Methods\Assignments\cs332-assign\forcomp\src\main\scala\forcomp\Anagrams.scala. Using presentation compiler with project's scala-library version: 3.3.6
2025.10.04 03:39:59 INFO  no build target found for C:\Users\pixel\Desktop\Education\5. semester\Software Design Methods\Assignments\cs332-assign\forcomp\src\main\scala\forcomp\Anagrams.scala. Using presentation compiler with project's scala-library version: 3.3.6
2025.10.04 03:40:00 INFO  no build target found for C:\Users\pixel\Desktop\Education\5. semester\Software Design Methods\Assignments\cs332-assign\forcomp\src\main\scala\forcomp\Anagrams.scala. Using presentation compiler with project's scala-library version: 3.3.6
2025.10.04 03:40:12 INFO  Shutting down server
2025.10.04 03:40:12 INFO  shutting down Metals
2025.10.04 03:40:12 INFO  Exiting server
2025.10.04 03:40:24 INFO  Started: Metals version 1.6.2 in folders 'C:\Users\pixel\Desktop\Education\5. semester\Software Design Methods\Assignments\cs332-assign\forcomp' for client Zed Nightly 0.208.0.
2025.10.04 03:40:25 WARN  Unsupported sbt version 0.13.7
2025.10.04 03:40:25 WARN  Build server is not auto-connectable.
2025.10.04 03:40:25 INFO  no build target found for C:\Users\pixel\Desktop\Education\5. semester\Software Design Methods\Assignments\cs332-assign\forcomp\src\main\scala\forcomp\Anagrams.scala. Using presentation compiler with project's scala-library version: 3.3.6
2025.10.04 03:40:25 WARN  no build target for: C:\Users\pixel\Desktop\Education\5. semester\Software Design Methods\Assignments\cs332-assign\forcomp\src\main\scala\forcomp\Anagrams.scala
2025.10.04 03:40:25 INFO  no build target found for C:\Users\pixel\Desktop\Education\5. semester\Software Design Methods\Assignments\cs332-assign\forcomp\src\main\scala\forcomp\Anagrams.scala. Using presentation compiler with project's scala-library version: 3.3.6
2025.10.04 03:40:25 INFO  no build target found for C:\Users\pixel\Desktop\Education\5. semester\Software Design Methods\Assignments\cs332-assign\forcomp\src\main\scala\forcomp\Anagrams.scala. Using presentation compiler with project's scala-library version: 3.3.6
2025.10.04 03:40:26 INFO  no build target found for C:\Users\pixel\Desktop\Education\5. semester\Software Design Methods\Assignments\cs332-assign\forcomp\src\main\scala\forcomp\Anagrams.scala. Using presentation compiler with project's scala-library version: 3.3.6
2025.10.04 03:40:26 INFO  no build target found for C:\Users\pixel\Desktop\Education\5. semester\Software Design Methods\Assignments\cs332-assign\forcomp\src\main\scala\forcomp\Anagrams.scala. Using presentation compiler with project's scala-library version: 3.3.6
2025.10.04 03:40:26 INFO  no build target found for C:\Users\pixel\Desktop\Education\5. semester\Software Design Methods\Assignments\cs332-assign\forcomp\src\main\scala\forcomp\Anagrams.scala. Using presentation compiler with project's scala-library version: 3.3.6
2025.10.04 03:40:26 INFO  no build target found for C:\Users\pixel\Desktop\Education\5. semester\Software Design Methods\Assignments\cs332-assign\forcomp\src\main\scala\forcomp\Anagrams.scala. Using presentation compiler with project's scala-library version: 3.3.6
2025.10.04 03:40:26 INFO  no build target found for C:\Users\pixel\Desktop\Education\5. semester\Software Design Methods\Assignments\cs332-assign\forcomp\src\main\scala\forcomp\Anagrams.scala. Using presentation compiler with project's scala-library version: 3.3.6
2025.10.04 03:40:26 INFO  no build target found for C:\Users\pixel\Desktop\Education\5. semester\Software Design Methods\Assignments\cs332-assign\forcomp\src\main\scala\forcomp\Anagrams.scala. Using presentation compiler with project's scala-library version: 3.3.6
2025.10.04 03:40:26 INFO  no build target found for C:\Users\pixel\Desktop\Education\5. semester\Software Design Methods\Assignments\cs332-assign\forcomp\src\main\scala\forcomp\Anagrams.scala. Using presentation compiler with project's scala-library version: 3.3.6
Oct 04, 2025 3:40:27 AM org.eclipse.lsp4j.jsonrpc.RemoteEndpoint handleCancellation
WARNING: Unmatched cancel notification for request id 8
2025.10.04 03:40:26 INFO  no build target found for C:\Users\pixel\Desktop\Education\5. semester\Software Design Methods\Assignments\cs332-assign\forcomp\src\main\scala\forcomp\Anagrams.scala. Using presentation compiler with project's scala-library version: 3.3.6
2025.10.04 03:40:26 INFO  no build target found for C:\Users\pixel\Desktop\Education\5. semester\Software Design Methods\Assignments\cs332-assign\forcomp\src\main\scala\forcomp\Anagrams.scala. Using presentation compiler with project's scala-library version: 3.3.6
2025.10.04 03:40:26 INFO  no build target found for C:\Users\pixel\Desktop\Education\5. semester\Software Design Methods\Assignments\cs332-assign\forcomp\src\main\scala\forcomp\Anagrams.scala. Using presentation compiler with project's scala-library version: 3.3.6
2025.10.04 03:40:27 INFO  no build target found for C:\Users\pixel\Desktop\Education\5. semester\Software Design Methods\Assignments\cs332-assign\forcomp\src\main\scala\forcomp\Anagrams.scala. Using presentation compiler with project's scala-library version: 3.3.6
2025.10.04 03:40:27 INFO  no build target found for C:\Users\pixel\Desktop\Education\5. semester\Software Design Methods\Assignments\cs332-assign\forcomp\src\main\scala\forcomp\Anagrams.scala. Using presentation compiler with project's scala-library version: 3.3.6
2025.10.04 03:40:27 INFO  no build target found for C:\Users\pixel\Desktop\Education\5. semester\Software Design Methods\Assignments\cs332-assign\forcomp\src\main\scala\forcomp\Anagrams.scala. Using presentation compiler with project's scala-library version: 3.3.6
2025.10.04 03:40:27 INFO  no build target found for C:\Users\pixel\Desktop\Education\5. semester\Software Design Methods\Assignments\cs332-assign\forcomp\src\main\scala\forcomp\Anagrams.scala. Using presentation compiler with project's scala-library version: 3.3.6
2025.10.04 03:40:27 INFO  no build target found for C:\Users\pixel\Desktop\Education\5. semester\Software Design Methods\Assignments\cs332-assign\forcomp\src\main\scala\forcomp\Anagrams.scala. Using presentation compiler with project's scala-library version: 3.3.6
2025.10.04 03:40:27 INFO  no build target found for C:\Users\pixel\Desktop\Education\5. semester\Software Design Methods\Assignments\cs332-assign\forcomp\src\main\scala\forcomp\Anagrams.scala. Using presentation compiler with project's scala-library version: 3.3.6
2025.10.04 03:40:27 INFO  no build target found for C:\Users\pixel\Desktop\Education\5. semester\Software Design Methods\Assignments\cs332-assign\forcomp\src\main\scala\forcomp\Anagrams.scala. Using presentation compiler with project's scala-library version: 3.3.6
2025.10.04 03:40:27 INFO  no build target found for C:\Users\pixel\Desktop\Education\5. semester\Software Design Methods\Assignments\cs332-assign\forcomp\src\main\scala\forcomp\Anagrams.scala. Using presentation compiler with project's scala-library version: 3.3.6
2025.10.04 03:40:27 INFO  no build target found for C:\Users\pixel\Desktop\Education\5. semester\Software Design Methods\Assignments\cs332-assign\forcomp\src\main\scala\forcomp\Anagrams.scala. Using presentation compiler with project's scala-library version: 3.3.6
2025.10.04 03:40:27 INFO  no build target found for C:\Users\pixel\Desktop\Education\5. semester\Software Design Methods\Assignments\cs332-assign\forcomp\src\main\scala\forcomp\Anagrams.scala. Using presentation compiler with project's scala-library version: 3.3.6
2025.10.04 03:40:27 INFO  no build target found for C:\Users\pixel\Desktop\Education\5. semester\Software Design Methods\Assignments\cs332-assign\forcomp\src\main\scala\forcomp\Anagrams.scala. Using presentation compiler with project's scala-library version: 3.3.6
2025.10.04 03:40:27 INFO  no build target found for C:\Users\pixel\Desktop\Education\5. semester\Software Design Methods\Assignments\cs332-assign\forcomp\src\main\scala\forcomp\Anagrams.scala. Using presentation compiler with project's scala-library version: 3.3.6
2025.10.04 03:40:27 INFO  no build target found for C:\Users\pixel\Desktop\Education\5. semester\Software Design Methods\Assignments\cs332-assign\forcomp\src\main\scala\forcomp\Anagrams.scala. Using presentation compiler with project's scala-library version: 3.3.6
2025.10.04 03:40:27 INFO  no build target found for C:\Users\pixel\Desktop\Education\5. semester\Software Design Methods\Assignments\cs332-assign\forcomp\src\main\scala\forcomp\Anagrams.scala. Using presentation compiler with project's scala-library version: 3.3.6
2025.10.04 03:40:27 INFO  no build target found for C:\Users\pixel\Desktop\Education\5. semester\Software Design Methods\Assignments\cs332-assign\forcomp\src\main\scala\forcomp\Anagrams.scala. Using presentation compiler with project's scala-library version: 3.3.6
2025.10.04 03:40:27 INFO  no build target found for C:\Users\pixel\Desktop\Education\5. semester\Software Design Methods\Assignments\cs332-assign\forcomp\src\main\scala\forcomp\Anagrams.scala. Using presentation compiler with project's scala-library version: 3.3.6
2025.10.04 03:40:27 INFO  no build target found for C:\Users\pixel\Desktop\Education\5. semester\Software Design Methods\Assignments\cs332-assign\forcomp\src\main\scala\forcomp\Anagrams.scala. Using presentation compiler with project's scala-library version: 3.3.6
2025.10.04 03:40:28 INFO  no build target found for C:\Users\pixel\Desktop\Education\5. semester\Software Design Methods\Assignments\cs332-assign\forcomp\src\main\scala\forcomp\Anagrams.scala. Using presentation compiler with project's scala-library version: 3.3.6
2025.10.04 03:40:29 INFO  no build target found for C:\Users\pixel\Desktop\Education\5. semester\Software Design Methods\Assignments\cs332-assign\forcomp\src\main\scala\forcomp\Anagrams.scala. Using presentation compiler with project's scala-library version: 3.3.6
2025.10.04 03:40:29 INFO  no build target found for C:\Users\pixel\Desktop\Education\5. semester\Software Design Methods\Assignments\cs332-assign\forcomp\src\main\scala\forcomp\Anagrams.scala. Using presentation compiler with project's scala-library version: 3.3.6
2025.10.04 03:40:29 INFO  no build target found for C:\Users\pixel\Desktop\Education\5. semester\Software Design Methods\Assignments\cs332-assign\forcomp\src\main\scala\forcomp\Anagrams.scala. Using presentation compiler with project's scala-library version: 3.3.6
2025.10.04 03:40:29 INFO  no build target found for C:\Users\pixel\Desktop\Education\5. semester\Software Design Methods\Assignments\cs332-assign\forcomp\src\main\scala\forcomp\Anagrams.scala. Using presentation compiler with project's scala-library version: 3.3.6
2025.10.04 03:40:29 INFO  no build target found for C:\Users\pixel\Desktop\Education\5. semester\Software Design Methods\Assignments\cs332-assign\forcomp\src\main\scala\forcomp\Anagrams.scala. Using presentation compiler with project's scala-library version: 3.3.6
2025.10.04 03:40:29 INFO  no build target found for C:\Users\pixel\Desktop\Education\5. semester\Software Design Methods\Assignments\cs332-assign\forcomp\src\main\scala\forcomp\Anagrams.scala. Using presentation compiler with project's scala-library version: 3.3.6
2025.10.04 03:40:29 INFO  no build target found for C:\Users\pixel\Desktop\Education\5. semester\Software Design Methods\Assignments\cs332-assign\forcomp\src\main\scala\forcomp\Anagrams.scala. Using presentation compiler with project's scala-library version: 3.3.6
2025.10.04 03:40:29 INFO  no build target found for C:\Users\pixel\Desktop\Education\5. semester\Software Design Methods\Assignments\cs332-assign\forcomp\src\main\scala\forcomp\Anagrams.scala. Using presentation compiler with project's scala-library version: 3.3.6
2025.10.04 03:40:29 INFO  no build target found for C:\Users\pixel\Desktop\Education\5. semester\Software Design Methods\Assignments\cs332-assign\forcomp\src\main\scala\forcomp\Anagrams.scala. Using presentation compiler with project's scala-library version: 3.3.6
2025.10.04 03:40:29 INFO  no build target found for C:\Users\pixel\Desktop\Education\5. semester\Software Design Methods\Assignments\cs332-assign\forcomp\src\main\scala\forcomp\Anagrams.scala. Using presentation compiler with project's scala-library version: 3.3.6
2025.10.04 03:40:29 INFO  no build target found for C:\Users\pixel\Desktop\Education\5. semester\Software Design Methods\Assignments\cs332-assign\forcomp\src\main\scala\forcomp\Anagrams.scala. Using presentation compiler with project's scala-library version: 3.3.6
2025.10.04 03:40:29 INFO  no build target found for C:\Users\pixel\Desktop\Education\5. semester\Software Design Methods\Assignments\cs332-assign\forcomp\src\main\scala\forcomp\Anagrams.scala. Using presentation compiler with project's scala-library version: 3.3.6
2025.10.04 03:40:29 INFO  no build target found for C:\Users\pixel\Desktop\Education\5. semester\Software Design Methods\Assignments\cs332-assign\forcomp\src\main\scala\forcomp\Anagrams.scala. Using presentation compiler with project's scala-library version: 3.3.6
2025.10.04 03:40:29 INFO  no build target found for C:\Users\pixel\Desktop\Education\5. semester\Software Design Methods\Assignments\cs332-assign\forcomp\src\main\scala\forcomp\Anagrams.scala. Using presentation compiler with project's scala-library version: 3.3.6
2025.10.04 03:40:29 INFO  no build target found for C:\Users\pixel\Desktop\Education\5. semester\Software Design Methods\Assignments\cs332-assign\forcomp\src\main\scala\forcomp\Anagrams.scala. Using presentation compiler with project's scala-library version: 3.3.6
Oct 04, 2025 3:40:30 AM org.eclipse.lsp4j.jsonrpc.RemoteEndpoint handleCancellation
WARNING: Unmatched cancel notification for request id 31
2025.10.04 03:40:29 INFO  no build target found for C:\Users\pixel\Desktop\Education\5. semester\Software Design Methods\Assignments\cs332-assign\forcomp\src\main\scala\forcomp\Anagrams.scala. Using presentation compiler with project's scala-library version: 3.3.6
2025.10.04 03:40:30 INFO  no build target found for C:\Users\pixel\Desktop\Education\5. semester\Software Design Methods\Assignments\cs332-assign\forcomp\src\main\scala\forcomp\Anagrams.scala. Using presentation compiler with project's scala-library version: 3.3.6
2025.10.04 03:40:31 INFO  no build target found for C:\Users\pixel\Desktop\Education\5. semester\Software Design Methods\Assignments\cs332-assign\forcomp\src\main\scala\forcomp\Anagrams.scala. Using presentation compiler with project's scala-library version: 3.3.6
2025.10.04 03:40:31 INFO  time: code lens generation in 2.24s
2025.10.04 03:40:31 INFO  time: code lens generation in 1.04s
2025.10.04 03:40:31 INFO  time: code lens generation in 1.5s
2025.10.04 03:40:31 INFO  no build target found for C:\Users\pixel\Desktop\Education\5. semester\Software Design Methods\Assignments\cs332-assign\forcomp\src\main\scala\forcomp\Anagrams.scala. Using presentation compiler with project's scala-library version: 3.3.6
2025.10.04 03:40:31 INFO  no build target found for C:\Users\pixel\Desktop\Education\5. semester\Software Design Methods\Assignments\cs332-assign\forcomp\src\main\scala\forcomp\Anagrams.scala. Using presentation compiler with project's scala-library version: 3.3.6
2025.10.04 03:40:31 INFO  no build target found for C:\Users\pixel\Desktop\Education\5. semester\Software Design Methods\Assignments\cs332-assign\forcomp\src\main\scala\forcomp\Anagrams.scala. Using presentation compiler with project's scala-library version: 3.3.6
2025.10.04 03:40:31 INFO  no build target found for C:\Users\pixel\Desktop\Education\5. semester\Software Design Methods\Assignments\cs332-assign\forcomp\src\main\scala\forcomp\Anagrams.scala. Using presentation compiler with project's scala-library version: 3.3.6
2025.10.04 03:40:31 INFO  no build target found for C:\Users\pixel\Desktop\Education\5. semester\Software Design Methods\Assignments\cs332-assign\forcomp\src\main\scala\forcomp\Anagrams.scala. Using presentation compiler with project's scala-library version: 3.3.6
2025.10.04 03:40:31 INFO  no build target found for C:\Users\pixel\Desktop\Education\5. semester\Software Design Methods\Assignments\cs332-assign\forcomp\src\main\scala\forcomp\Anagrams.scala. Using presentation compiler with project's scala-library version: 3.3.6
2025.10.04 03:40:31 INFO  no build target found for C:\Users\pixel\Desktop\Education\5. semester\Software Design Methods\Assignments\cs332-assign\forcomp\src\main\scala\forcomp\Anagrams.scala. Using presentation compiler with project's scala-library version: 3.3.6
2025.10.04 03:40:31 INFO  no build target found for C:\Users\pixel\Desktop\Education\5. semester\Software Design Methods\Assignments\cs332-assign\forcomp\src\main\scala\forcomp\Anagrams.scala. Using presentation compiler with project's scala-library version: 3.3.6
2025.10.04 03:40:31 INFO  no build target found for C:\Users\pixel\Desktop\Education\5. semester\Software Design Methods\Assignments\cs332-assign\forcomp\src\main\scala\forcomp\Anagrams.scala. Using presentation compiler with project's scala-library version: 3.3.6
2025.10.04 03:40:31 INFO  no build target found for C:\Users\pixel\Desktop\Education\5. semester\Software Design Methods\Assignments\cs332-assign\forcomp\src\main\scala\forcomp\Anagrams.scala. Using presentation compiler with project's scala-library version: 3.3.6
2025.10.04 03:40:31 INFO  no build target found for C:\Users\pixel\Desktop\Education\5. semester\Software Design Methods\Assignments\cs332-assign\forcomp\src\main\scala\forcomp\Anagrams.scala. Using presentation compiler with project's scala-library version: 3.3.6
2025.10.04 03:40:31 INFO  no build target found for C:\Users\pixel\Desktop\Education\5. semester\Software Design Methods\Assignments\cs332-assign\forcomp\src\main\scala\forcomp\Anagrams.scala. Using presentation compiler with project's scala-library version: 3.3.6
2025.10.04 03:40:31 INFO  no build target found for C:\Users\pixel\Desktop\Education\5. semester\Software Design Methods\Assignments\cs332-assign\forcomp\src\main\scala\forcomp\Anagrams.scala. Using presentation compiler with project's scala-library version: 3.3.6
2025.10.04 03:40:31 INFO  no build target found for C:\Users\pixel\Desktop\Education\5. semester\Software Design Methods\Assignments\cs332-assign\forcomp\src\main\scala\forcomp\Anagrams.scala. Using presentation compiler with project's scala-library version: 3.3.6
2025.10.04 03:40:31 INFO  no build target found for C:\Users\pixel\Desktop\Education\5. semester\Software Design Methods\Assignments\cs332-assign\forcomp\src\main\scala\forcomp\Anagrams.scala. Using presentation compiler with project's scala-library version: 3.3.6
2025.10.04 03:40:31 INFO  no build target found for C:\Users\pixel\Desktop\Education\5. semester\Software Design Methods\Assignments\cs332-assign\forcomp\src\main\scala\forcomp\Anagrams.scala. Using presentation compiler with project's scala-library version: 3.3.6
2025.10.04 03:40:32 INFO  no build target found for C:\Users\pixel\Desktop\Education\5. semester\Software Design Methods\Assignments\cs332-assign\forcomp\src\main\scala\forcomp\Anagrams.scala. Using presentation compiler with project's scala-library version: 3.3.6
2025.10.04 03:40:32 INFO  no build target found for C:\Users\pixel\Desktop\Education\5. semester\Software Design Methods\Assignments\cs332-assign\forcomp\src\main\scala\forcomp\Anagrams.scala. Using presentation compiler with project's scala-library version: 3.3.6
2025.10.04 03:40:32 INFO  no build target found for C:\Users\pixel\Desktop\Education\5. semester\Software Design Methods\Assignments\cs332-assign\forcomp\src\main\scala\forcomp\Anagrams.scala. Using presentation compiler with project's scala-library version: 3.3.6
2025.10.04 03:40:32 INFO  no build target found for C:\Users\pixel\Desktop\Education\5. semester\Software Design Methods\Assignments\cs332-assign\forcomp\src\main\scala\forcomp\Anagrams.scala. Using presentation compiler with project's scala-library version: 3.3.6
2025.10.04 03:40:32 INFO  no build target found for C:\Users\pixel\Desktop\Education\5. semester\Software Design Methods\Assignments\cs332-assign\forcomp\src\main\scala\forcomp\Anagrams.scala. Using presentation compiler with project's scala-library version: 3.3.6
2025.10.04 03:40:32 INFO  no build target found for C:\Users\pixel\Desktop\Education\5. semester\Software Design Methods\Assignments\cs332-assign\forcomp\src\main\scala\forcomp\Anagrams.scala. Using presentation compiler with project's scala-library version: 3.3.6
2025.10.04 03:40:32 INFO  no build target found for C:\Users\pixel\Desktop\Education\5. semester\Software Design Methods\Assignments\cs332-assign\forcomp\src\main\scala\forcomp\Anagrams.scala. Using presentation compiler with project's scala-library version: 3.3.6
2025.10.04 03:40:32 INFO  no build target found for C:\Users\pixel\Desktop\Education\5. semester\Software Design Methods\Assignments\cs332-assign\forcomp\src\main\scala\forcomp\Anagrams.scala. Using presentation compiler with project's scala-library version: 3.3.6
2025.10.04 03:40:32 INFO  no build target found for C:\Users\pixel\Desktop\Education\5. semester\Software Design Methods\Assignments\cs332-assign\forcomp\src\main\scala\forcomp\Anagrams.scala. Using presentation compiler with project's scala-library version: 3.3.6
2025.10.04 03:40:32 INFO  no build target found for C:\Users\pixel\Desktop\Education\5. semester\Software Design Methods\Assignments\cs332-assign\forcomp\src\main\scala\forcomp\Anagrams.scala. Using presentation compiler with project's scala-library version: 3.3.6
2025.10.04 03:40:32 INFO  no build target found for C:\Users\pixel\Desktop\Education\5. semester\Software Design Methods\Assignments\cs332-assign\forcomp\src\main\scala\forcomp\Anagrams.scala. Using presentation compiler with project's scala-library version: 3.3.6
Oct 04, 2025 3:40:33 AM org.eclipse.lsp4j.jsonrpc.RemoteEndpoint handleCancellation
WARNING: Unmatched cancel notification for request id 51
Oct 04, 2025 3:40:33 AM org.eclipse.lsp4j.jsonrpc.RemoteEndpoint handleCancellation
WARNING: Unmatched cancel notification for request id 52
2025.10.04 03:40:33 INFO  no build target found for C:\Users\pixel\Desktop\Education\5. semester\Software Design Methods\Assignments\cs332-assign\forcomp\src\main\scala\forcomp\Anagrams.scala. Using presentation compiler with project's scala-library version: 3.3.6
2025.10.04 03:40:32 INFO  no build target found for C:\Users\pixel\Desktop\Education\5. semester\Software Design Methods\Assignments\cs332-assign\forcomp\src\main\scala\forcomp\Anagrams.scala. Using presentation compiler with project's scala-library version: 3.3.6
2025.10.04 03:40:32 INFO  no build target found for C:\Users\pixel\Desktop\Education\5. semester\Software Design Methods\Assignments\cs332-assign\forcomp\src\main\scala\forcomp\Anagrams.scala. Using presentation compiler with project's scala-library version: 3.3.6
Oct 04, 2025 3:40:33 AM org.eclipse.lsp4j.jsonrpc.RemoteEndpoint handleCancellation
WARNING: Unmatched cancel notification for request id 54
2025.10.04 03:40:33 INFO  no build target found for C:\Users\pixel\Desktop\Education\5. semester\Software Design Methods\Assignments\cs332-assign\forcomp\src\main\scala\forcomp\Anagrams.scala. Using presentation compiler with project's scala-library version: 3.3.6
2025.10.04 03:40:36 INFO  no build target found for C:\Users\pixel\Desktop\Education\5. semester\Software Design Methods\Assignments\cs332-assign\forcomp\src\main\scala\forcomp\Anagrams.scala. Using presentation compiler with project's scala-library version: 3.3.6
2025.10.04 03:40:36 INFO  no build target found for C:\Users\pixel\Desktop\Education\5. semester\Software Design Methods\Assignments\cs332-assign\forcomp\src\main\scala\forcomp\Anagrams.scala. Using presentation compiler with project's scala-library version: 3.3.6
2025.10.04 03:40:36 INFO  no build target found for C:\Users\pixel\Desktop\Education\5. semester\Software Design Methods\Assignments\cs332-assign\forcomp\src\main\scala\forcomp\Anagrams.scala. Using presentation compiler with project's scala-library version: 3.3.6
2025.10.04 03:40:36 INFO  no build target found for C:\Users\pixel\Desktop\Education\5. semester\Software Design Methods\Assignments\cs332-assign\forcomp\src\main\scala\forcomp\Anagrams.scala. Using presentation compiler with project's scala-library version: 3.3.6
2025.10.04 03:40:36 INFO  no build target found for C:\Users\pixel\Desktop\Education\5. semester\Software Design Methods\Assignments\cs332-assign\forcomp\src\main\scala\forcomp\Anagrams.scala. Using presentation compiler with project's scala-library version: 3.3.6
2025.10.04 03:40:36 INFO  no build target found for C:\Users\pixel\Desktop\Education\5. semester\Software Design Methods\Assignments\cs332-assign\forcomp\src\main\scala\forcomp\Anagrams.scala. Using presentation compiler with project's scala-library version: 3.3.6
2025.10.04 03:40:36 INFO  no build target found for C:\Users\pixel\Desktop\Education\5. semester\Software Design Methods\Assignments\cs332-assign\forcomp\src\main\scala\forcomp\Anagrams.scala. Using presentation compiler with project's scala-library version: 3.3.6
2025.10.04 03:40:36 INFO  no build target found for C:\Users\pixel\Desktop\Education\5. semester\Software Design Methods\Assignments\cs332-assign\forcomp\src\main\scala\forcomp\Anagrams.scala. Using presentation compiler with project's scala-library version: 3.3.6
2025.10.04 03:40:36 INFO  no build target found for C:\Users\pixel\Desktop\Education\5. semester\Software Design Methods\Assignments\cs332-assign\forcomp\src\main\scala\forcomp\Anagrams.scala. Using presentation compiler with project's scala-library version: 3.3.6
2025.10.04 03:40:38 INFO  no build target found for C:\Users\pixel\Desktop\Education\5. semester\Software Design Methods\Assignments\cs332-assign\forcomp\src\main\scala\forcomp\Anagrams.scala. Using presentation compiler with project's scala-library version: 3.3.6
2025.10.04 03:40:38 INFO  no build target found for C:\Users\pixel\Desktop\Education\5. semester\Software Design Methods\Assignments\cs332-assign\forcomp\src\main\scala\forcomp\Anagrams.scala. Using presentation compiler with project's scala-library version: 3.3.6
2025.10.04 03:40:38 INFO  no build target found for C:\Users\pixel\Desktop\Education\5. semester\Software Design Methods\Assignments\cs332-assign\forcomp\src\main\scala\forcomp\Anagrams.scala. Using presentation compiler with project's scala-library version: 3.3.6
2025.10.04 03:40:38 INFO  no build target found for C:\Users\pixel\Desktop\Education\5. semester\Software Design Methods\Assignments\cs332-assign\forcomp\src\main\scala\forcomp\Anagrams.scala. Using presentation compiler with project's scala-library version: 3.3.6
2025.10.04 03:40:38 INFO  no build target found for C:\Users\pixel\Desktop\Education\5. semester\Software Design Methods\Assignments\cs332-assign\forcomp\src\main\scala\forcomp\Anagrams.scala. Using presentation compiler with project's scala-library version: 3.3.6
Oct 04, 2025 3:40:38 AM org.eclipse.lsp4j.jsonrpc.RemoteEndpoint handleCancellation
WARNING: Unmatched cancel notification for request id 65
2025.10.04 03:40:38 INFO  no build target found for C:\Users\pixel\Desktop\Education\5. semester\Software Design Methods\Assignments\cs332-assign\forcomp\src\main\scala\forcomp\Anagrams.scala. Using presentation compiler with project's scala-library version: 3.3.6
2025.10.04 03:40:38 INFO  no build target found for C:\Users\pixel\Desktop\Education\5. semester\Software Design Methods\Assignments\cs332-assign\forcomp\src\main\scala\forcomp\Anagrams.scala. Using presentation compiler with project's scala-library version: 3.3.6
2025.10.04 03:40:38 INFO  no build target found for C:\Users\pixel\Desktop\Education\5. semester\Software Design Methods\Assignments\cs332-assign\forcomp\src\main\scala\forcomp\Anagrams.scala. Using presentation compiler with project's scala-library version: 3.3.6
2025.10.04 03:40:38 INFO  no build target found for C:\Users\pixel\Desktop\Education\5. semester\Software Design Methods\Assignments\cs332-assign\forcomp\src\main\scala\forcomp\Anagrams.scala. Using presentation compiler with project's scala-library version: 3.3.6
2025.10.04 03:40:38 INFO  no build target found for C:\Users\pixel\Desktop\Education\5. semester\Software Design Methods\Assignments\cs332-assign\forcomp\src\main\scala\forcomp\Anagrams.scala. Using presentation compiler with project's scala-library version: 3.3.6
2025.10.04 03:40:38 INFO  no build target found for C:\Users\pixel\Desktop\Education\5. semester\Software Design Methods\Assignments\cs332-assign\forcomp\src\main\scala\forcomp\Anagrams.scala. Using presentation compiler with project's scala-library version: 3.3.6
2025.10.04 03:40:39 INFO  no build target found for C:\Users\pixel\Desktop\Education\5. semester\Software Design Methods\Assignments\cs332-assign\forcomp\src\main\scala\forcomp\Anagrams.scala. Using presentation compiler with project's scala-library version: 3.3.6
2025.10.04 03:40:39 INFO  no build target found for C:\Users\pixel\Desktop\Education\5. semester\Software Design Methods\Assignments\cs332-assign\forcomp\src\main\scala\forcomp\Anagrams.scala. Using presentation compiler with project's scala-library version: 3.3.6
2025.10.04 03:40:39 INFO  no build target found for C:\Users\pixel\Desktop\Education\5. semester\Software Design Methods\Assignments\cs332-assign\forcomp\src\main\scala\forcomp\Anagrams.scala. Using presentation compiler with project's scala-library version: 3.3.6
2025.10.04 03:40:39 INFO  no build target found for C:\Users\pixel\Desktop\Education\5. semester\Software Design Methods\Assignments\cs332-assign\forcomp\src\main\scala\forcomp\Anagrams.scala. Using presentation compiler with project's scala-library version: 3.3.6
2025.10.04 03:40:39 INFO  no build target found for C:\Users\pixel\Desktop\Education\5. semester\Software Design Methods\Assignments\cs332-assign\forcomp\src\main\scala\forcomp\Anagrams.scala. Using presentation compiler with project's scala-library version: 3.3.6
2025.10.04 03:40:39 INFO  no build target found for C:\Users\pixel\Desktop\Education\5. semester\Software Design Methods\Assignments\cs332-assign\forcomp\src\main\scala\forcomp\Anagrams.scala. Using presentation compiler with project's scala-library version: 3.3.6
2025.10.04 03:40:40 INFO  no build target found for C:\Users\pixel\Desktop\Education\5. semester\Software Design Methods\Assignments\cs332-assign\forcomp\src\main\scala\forcomp\Anagrams.scala. Using presentation compiler with project's scala-library version: 3.3.6
2025.10.04 03:40:40 INFO  no build target found for C:\Users\pixel\Desktop\Education\5. semester\Software Design Methods\Assignments\cs332-assign\forcomp\src\main\scala\forcomp\Anagrams.scala. Using presentation compiler with project's scala-library version: 3.3.6
2025.10.04 03:40:40 INFO  no build target found for C:\Users\pixel\Desktop\Education\5. semester\Software Design Methods\Assignments\cs332-assign\forcomp\src\main\scala\forcomp\Anagrams.scala. Using presentation compiler with project's scala-library version: 3.3.6
2025.10.04 03:40:40 INFO  no build target found for C:\Users\pixel\Desktop\Education\5. semester\Software Design Methods\Assignments\cs332-assign\forcomp\src\main\scala\forcomp\Anagrams.scala. Using presentation compiler with project's scala-library version: 3.3.6
2025.10.04 03:40:41 INFO  no build target found for C:\Users\pixel\Desktop\Education\5. semester\Software Design Methods\Assignments\cs332-assign\forcomp\src\main\scala\forcomp\Anagrams.scala. Using presentation compiler with project's scala-library version: 3.3.6
2025.10.04 03:40:41 INFO  no build target found for C:\Users\pixel\Desktop\Education\5. semester\Software Design Methods\Assignments\cs332-assign\forcomp\src\main\scala\forcomp\Anagrams.scala. Using presentation compiler with project's scala-library version: 3.3.6
2025.10.04 03:40:41 INFO  no build target found for C:\Users\pixel\Desktop\Education\5. semester\Software Design Methods\Assignments\cs332-assign\forcomp\src\main\scala\forcomp\Anagrams.scala. Using presentation compiler with project's scala-library version: 3.3.6
2025.10.04 03:40:41 INFO  no build target found for C:\Users\pixel\Desktop\Education\5. semester\Software Design Methods\Assignments\cs332-assign\forcomp\src\main\scala\forcomp\Anagrams.scala. Using presentation compiler with project's scala-library version: 3.3.6
2025.10.04 03:40:41 INFO  no build target found for C:\Users\pixel\Desktop\Education\5. semester\Software Design Methods\Assignments\cs332-assign\forcomp\src\main\scala\forcomp\Anagrams.scala. Using presentation compiler with project's scala-library version: 3.3.6
2025.10.04 03:40:42 INFO  no build target found for C:\Users\pixel\Desktop\Education\5. semester\Software Design Methods\Assignments\cs332-assign\forcomp\src\main\scala\forcomp\Anagrams.scala. Using presentation compiler with project's scala-library version: 3.3.6
2025.10.04 03:40:42 INFO  no build target found for C:\Users\pixel\Desktop\Education\5. semester\Software Design Methods\Assignments\cs332-assign\forcomp\src\main\scala\forcomp\Anagrams.scala. Using presentation compiler with project's scala-library version: 3.3.6
2025.10.04 03:40:42 INFO  no build target found for C:\Users\pixel\Desktop\Education\5. semester\Software Design Methods\Assignments\cs332-assign\forcomp\src\main\scala\forcomp\Anagrams.scala. Using presentation compiler with project's scala-library version: 3.3.6
2025.10.04 03:40:42 INFO  no build target found for C:\Users\pixel\Desktop\Education\5. semester\Software Design Methods\Assignments\cs332-assign\forcomp\src\main\scala\forcomp\Anagrams.scala. Using presentation compiler with project's scala-library version: 3.3.6
2025.10.04 03:40:42 INFO  no build target found for C:\Users\pixel\Desktop\Education\5. semester\Software Design Methods\Assignments\cs332-assign\forcomp\src\main\scala\forcomp\Anagrams.scala. Using presentation compiler with project's scala-library version: 3.3.6
2025.10.04 03:40:46 INFO  no build target found for C:\Users\pixel\Desktop\Education\5. semester\Software Design Methods\Assignments\cs332-assign\forcomp\src\main\scala\forcomp\Anagrams.scala. Using presentation compiler with project's scala-library version: 3.3.6
2025.10.04 03:40:47 INFO  no build target found for C:\Users\pixel\Desktop\Education\5. semester\Software Design Methods\Assignments\cs332-assign\forcomp\src\main\scala\forcomp\Anagrams.scala. Using presentation compiler with project's scala-library version: 3.3.6
2025.10.04 03:40:47 INFO  no build target found for C:\Users\pixel\Desktop\Education\5. semester\Software Design Methods\Assignments\cs332-assign\forcomp\src\main\scala\forcomp\Anagrams.scala. Using presentation compiler with project's scala-library version: 3.3.6
2025.10.04 03:40:47 INFO  no build target found for C:\Users\pixel\Desktop\Education\5. semester\Software Design Methods\Assignments\cs332-assign\forcomp\src\main\scala\forcomp\Anagrams.scala. Using presentation compiler with project's scala-library version: 3.3.6
2025.10.04 03:40:47 INFO  no build target found for C:\Users\pixel\Desktop\Education\5. semester\Software Design Methods\Assignments\cs332-assign\forcomp\src\main\scala\forcomp\Anagrams.scala. Using presentation compiler with project's scala-library version: 3.3.6
2025.10.04 03:40:47 INFO  no build target found for C:\Users\pixel\Desktop\Education\5. semester\Software Design Methods\Assignments\cs332-assign\forcomp\src\main\scala\forcomp\Anagrams.scala. Using presentation compiler with project's scala-library version: 3.3.6
2025.10.04 03:40:47 INFO  no build target found for C:\Users\pixel\Desktop\Education\5. semester\Software Design Methods\Assignments\cs332-assign\forcomp\src\main\scala\forcomp\Anagrams.scala. Using presentation compiler with project's scala-library version: 3.3.6
Oct 04, 2025 3:40:48 AM org.eclipse.lsp4j.jsonrpc.RemoteEndpoint handleCancellation
WARNING: Unmatched cancel notification for request id 93
2025.10.04 03:40:48 INFO  no build target found for C:\Users\pixel\Desktop\Education\5. semester\Software Design Methods\Assignments\cs332-assign\forcomp\src\main\scala\forcomp\Anagrams.scala. Using presentation compiler with project's scala-library version: 3.3.6
2025.10.04 03:40:47 INFO  no build target found for C:\Users\pixel\Desktop\Education\5. semester\Software Design Methods\Assignments\cs332-assign\forcomp\src\main\scala\forcomp\Anagrams.scala. Using presentation compiler with project's scala-library version: 3.3.6
2025.10.04 03:40:47 INFO  no build target found for C:\Users\pixel\Desktop\Education\5. semester\Software Design Methods\Assignments\cs332-assign\forcomp\src\main\scala\forcomp\Anagrams.scala. Using presentation compiler with project's scala-library version: 3.3.6
2025.10.04 03:40:47 INFO  no build target found for C:\Users\pixel\Desktop\Education\5. semester\Software Design Methods\Assignments\cs332-assign\forcomp\src\main\scala\forcomp\Anagrams.scala. Using presentation compiler with project's scala-library version: 3.3.6
2025.10.04 03:40:47 INFO  no build target found for C:\Users\pixel\Desktop\Education\5. semester\Software Design Methods\Assignments\cs332-assign\forcomp\src\main\scala\forcomp\Anagrams.scala. Using presentation compiler with project's scala-library version: 3.3.6
2025.10.04 03:40:47 INFO  no build target found for C:\Users\pixel\Desktop\Education\5. semester\Software Design Methods\Assignments\cs332-assign\forcomp\src\main\scala\forcomp\Anagrams.scala. Using presentation compiler with project's scala-library version: 3.3.6
2025.10.04 03:40:47 INFO  no build target found for C:\Users\pixel\Desktop\Education\5. semester\Software Design Methods\Assignments\cs332-assign\forcomp\src\main\scala\forcomp\Anagrams.scala. Using presentation compiler with project's scala-library version: 3.3.6
2025.10.04 03:40:47 INFO  no build target found for C:\Users\pixel\Desktop\Education\5. semester\Software Design Methods\Assignments\cs332-assign\forcomp\src\main\scala\forcomp\Anagrams.scala. Using presentation compiler with project's scala-library version: 3.3.6
2025.10.04 03:40:47 INFO  no build target found for C:\Users\pixel\Desktop\Education\5. semester\Software Design Methods\Assignments\cs332-assign\forcomp\src\main\scala\forcomp\Anagrams.scala. Using presentation compiler with project's scala-library version: 3.3.6
2025.10.04 03:40:48 INFO  no build target found for C:\Users\pixel\Desktop\Education\5. semester\Software Design Methods\Assignments\cs332-assign\forcomp\src\main\scala\forcomp\Anagrams.scala. Using presentation compiler with project's scala-library version: 3.3.6
2025.10.04 03:40:51 INFO  no build target found for C:\Users\pixel\Desktop\Education\5. semester\Software Design Methods\Assignments\cs332-assign\forcomp\src\main\scala\forcomp\Anagrams.scala. Using presentation compiler with project's scala-library version: 3.3.6
2025.10.04 03:40:51 INFO  no build target found for C:\Users\pixel\Desktop\Education\5. semester\Software Design Methods\Assignments\cs332-assign\forcomp\src\main\scala\forcomp\Anagrams.scala. Using presentation compiler with project's scala-library version: 3.3.6
2025.10.04 03:40:51 INFO  no build target found for C:\Users\pixel\Desktop\Education\5. semester\Software Design Methods\Assignments\cs332-assign\forcomp\src\main\scala\forcomp\Anagrams.scala. Using presentation compiler with project's scala-library version: 3.3.6
2025.10.04 03:40:52 INFO  no build target found for C:\Users\pixel\Desktop\Education\5. semester\Software Design Methods\Assignments\cs332-assign\forcomp\src\main\scala\forcomp\Anagrams.scala. Using presentation compiler with project's scala-library version: 3.3.6
2025.10.04 03:40:52 INFO  no build target found for C:\Users\pixel\Desktop\Education\5. semester\Software Design Methods\Assignments\cs332-assign\forcomp\src\main\scala\forcomp\Anagrams.scala. Using presentation compiler with project's scala-library version: 3.3.6
2025.10.04 03:40:52 INFO  no build target found for C:\Users\pixel\Desktop\Education\5. semester\Software Design Methods\Assignments\cs332-assign\forcomp\src\main\scala\forcomp\Anagrams.scala. Using presentation compiler with project's scala-library version: 3.3.6
2025.10.04 03:40:52 INFO  no build target found for C:\Users\pixel\Desktop\Education\5. semester\Software Design Methods\Assignments\cs332-assign\forcomp\src\main\scala\forcomp\Anagrams.scala. Using presentation compiler with project's scala-library version: 3.3.6
2025.10.04 03:40:52 INFO  no build target found for C:\Users\pixel\Desktop\Education\5. semester\Software Design Methods\Assignments\cs332-assign\forcomp\src\main\scala\forcomp\Anagrams.scala. Using presentation compiler with project's scala-library version: 3.3.6
2025.10.04 03:40:52 INFO  no build target found for C:\Users\pixel\Desktop\Education\5. semester\Software Design Methods\Assignments\cs332-assign\forcomp\src\main\scala\forcomp\Anagrams.scala. Using presentation compiler with project's scala-library version: 3.3.6
2025.10.04 03:40:52 INFO  no build target found for C:\Users\pixel\Desktop\Education\5. semester\Software Design Methods\Assignments\cs332-assign\forcomp\src\main\scala\forcomp\Anagrams.scala. Using presentation compiler with project's scala-library version: 3.3.6
2025.10.04 03:40:52 INFO  no build target found for C:\Users\pixel\Desktop\Education\5. semester\Software Design Methods\Assignments\cs332-assign\forcomp\src\main\scala\forcomp\Anagrams.scala. Using presentation compiler with project's scala-library version: 3.3.6
2025.10.04 03:40:52 INFO  no build target found for C:\Users\pixel\Desktop\Education\5. semester\Software Design Methods\Assignments\cs332-assign\forcomp\src\main\scala\forcomp\Anagrams.scala. Using presentation compiler with project's scala-library version: 3.3.6
2025.10.04 03:40:52 INFO  no build target found for C:\Users\pixel\Desktop\Education\5. semester\Software Design Methods\Assignments\cs332-assign\forcomp\src\main\scala\forcomp\Anagrams.scala. Using presentation compiler with project's scala-library version: 3.3.6
2025.10.04 03:40:52 INFO  no build target found for C:\Users\pixel\Desktop\Education\5. semester\Software Design Methods\Assignments\cs332-assign\forcomp\src\main\scala\forcomp\Anagrams.scala. Using presentation compiler with project's scala-library version: 3.3.6
2025.10.04 03:40:52 INFO  no build target found for C:\Users\pixel\Desktop\Education\5. semester\Software Design Methods\Assignments\cs332-assign\forcomp\src\main\scala\forcomp\Anagrams.scala. Using presentation compiler with project's scala-library version: 3.3.6
2025.10.04 03:40:52 INFO  no build target found for C:\Users\pixel\Desktop\Education\5. semester\Software Design Methods\Assignments\cs332-assign\forcomp\src\main\scala\forcomp\Anagrams.scala. Using presentation compiler with project's scala-library version: 3.3.6
2025.10.04 03:40:52 INFO  no build target found for C:\Users\pixel\Desktop\Education\5. semester\Software Design Methods\Assignments\cs332-assign\forcomp\src\main\scala\forcomp\Anagrams.scala. Using presentation compiler with project's scala-library version: 3.3.6
2025.10.04 03:40:52 INFO  no build target found for C:\Users\pixel\Desktop\Education\5. semester\Software Design Methods\Assignments\cs332-assign\forcomp\src\main\scala\forcomp\Anagrams.scala. Using presentation compiler with project's scala-library version: 3.3.6
2025.10.04 03:40:52 INFO  no build target found for C:\Users\pixel\Desktop\Education\5. semester\Software Design Methods\Assignments\cs332-assign\forcomp\src\main\scala\forcomp\Anagrams.scala. Using presentation compiler with project's scala-library version: 3.3.6
2025.10.04 03:40:52 INFO  no build target found for C:\Users\pixel\Desktop\Education\5. semester\Software Design Methods\Assignments\cs332-assign\forcomp\src\main\scala\forcomp\Anagrams.scala. Using presentation compiler with project's scala-library version: 3.3.6
2025.10.04 03:40:52 INFO  no build target found for C:\Users\pixel\Desktop\Education\5. semester\Software Design Methods\Assignments\cs332-assign\forcomp\src\main\scala\forcomp\Anagrams.scala. Using presentation compiler with project's scala-library version: 3.3.6
2025.10.04 03:40:52 INFO  no build target found for C:\Users\pixel\Desktop\Education\5. semester\Software Design Methods\Assignments\cs332-assign\forcomp\src\main\scala\forcomp\Anagrams.scala. Using presentation compiler with project's scala-library version: 3.3.6
2025.10.04 03:40:52 INFO  no build target found for C:\Users\pixel\Desktop\Education\5. semester\Software Design Methods\Assignments\cs332-assign\forcomp\src\main\scala\forcomp\Anagrams.scala. Using presentation compiler with project's scala-library version: 3.3.6
2025.10.04 03:40:52 INFO  no build target found for C:\Users\pixel\Desktop\Education\5. semester\Software Design Methods\Assignments\cs332-assign\forcomp\src\main\scala\forcomp\Anagrams.scala. Using presentation compiler with project's scala-library version: 3.3.6
2025.10.04 03:40:52 INFO  no build target found for C:\Users\pixel\Desktop\Education\5. semester\Software Design Methods\Assignments\cs332-assign\forcomp\src\main\scala\forcomp\Anagrams.scala. Using presentation compiler with project's scala-library version: 3.3.6
2025.10.04 03:40:52 INFO  no build target found for C:\Users\pixel\Desktop\Education\5. semester\Software Design Methods\Assignments\cs332-assign\forcomp\src\main\scala\forcomp\Anagrams.scala. Using presentation compiler with project's scala-library version: 3.3.6
2025.10.04 03:40:52 INFO  no build target found for C:\Users\pixel\Desktop\Education\5. semester\Software Design Methods\Assignments\cs332-assign\forcomp\src\main\scala\forcomp\Anagrams.scala. Using presentation compiler with project's scala-library version: 3.3.6
2025.10.04 03:40:52 INFO  no build target found for C:\Users\pixel\Desktop\Education\5. semester\Software Design Methods\Assignments\cs332-assign\forcomp\src\main\scala\forcomp\Anagrams.scala. Using presentation compiler with project's scala-library version: 3.3.6
2025.10.04 03:40:52 INFO  no build target found for C:\Users\pixel\Desktop\Education\5. semester\Software Design Methods\Assignments\cs332-assign\forcomp\src\main\scala\forcomp\Anagrams.scala. Using presentation compiler with project's scala-library version: 3.3.6
2025.10.04 03:40:52 INFO  no build target found for C:\Users\pixel\Desktop\Education\5. semester\Software Design Methods\Assignments\cs332-assign\forcomp\src\main\scala\forcomp\Anagrams.scala. Using presentation compiler with project's scala-library version: 3.3.6
2025.10.04 03:40:52 INFO  no build target found for C:\Users\pixel\Desktop\Education\5. semester\Software Design Methods\Assignments\cs332-assign\forcomp\src\main\scala\forcomp\Anagrams.scala. Using presentation compiler with project's scala-library version: 3.3.6
2025.10.04 03:40:52 INFO  no build target found for C:\Users\pixel\Desktop\Education\5. semester\Software Design Methods\Assignments\cs332-assign\forcomp\src\main\scala\forcomp\Anagrams.scala. Using presentation compiler with project's scala-library version: 3.3.6
2025.10.04 03:40:52 INFO  no build target found for C:\Users\pixel\Desktop\Education\5. semester\Software Design Methods\Assignments\cs332-assign\forcomp\src\main\scala\forcomp\Anagrams.scala. Using presentation compiler with project's scala-library version: 3.3.6
2025.10.04 03:40:52 INFO  no build target found for C:\Users\pixel\Desktop\Education\5. semester\Software Design Methods\Assignments\cs332-assign\forcomp\src\main\scala\forcomp\Anagrams.scala. Using presentation compiler with project's scala-library version: 3.3.6
2025.10.04 03:40:52 INFO  no build target found for C:\Users\pixel\Desktop\Education\5. semester\Software Design Methods\Assignments\cs332-assign\forcomp\src\main\scala\forcomp\Anagrams.scala. Using presentation compiler with project's scala-library version: 3.3.6
2025.10.04 03:40:52 INFO  no build target found for C:\Users\pixel\Desktop\Education\5. semester\Software Design Methods\Assignments\cs332-assign\forcomp\src\main\scala\forcomp\Anagrams.scala. Using presentation compiler with project's scala-library version: 3.3.6
2025.10.04 03:40:52 INFO  no build target found for C:\Users\pixel\Desktop\Education\5. semester\Software Design Methods\Assignments\cs332-assign\forcomp\src\main\scala\forcomp\Anagrams.scala. Using presentation compiler with project's scala-library version: 3.3.6
2025.10.04 03:40:52 INFO  no build target found for C:\Users\pixel\Desktop\Education\5. semester\Software Design Methods\Assignments\cs332-assign\forcomp\src\main\scala\forcomp\Anagrams.scala. Using presentation compiler with project's scala-library version: 3.3.6
2025.10.04 03:40:52 INFO  no build target found for C:\Users\pixel\Desktop\Education\5. semester\Software Design Methods\Assignments\cs332-assign\forcomp\src\main\scala\forcomp\Anagrams.scala. Using presentation compiler with project's scala-library version: 3.3.6
2025.10.04 03:40:52 INFO  no build target found for C:\Users\pixel\Desktop\Education\5. semester\Software Design Methods\Assignments\cs332-assign\forcomp\src\main\scala\forcomp\Anagrams.scala. Using presentation compiler with project's scala-library version: 3.3.6
2025.10.04 03:40:52 INFO  no build target found for C:\Users\pixel\Desktop\Education\5. semester\Software Design Methods\Assignments\cs332-assign\forcomp\src\main\scala\forcomp\Anagrams.scala. Using presentation compiler with project's scala-library version: 3.3.6
2025.10.04 03:40:52 INFO  no build target found for C:\Users\pixel\Desktop\Education\5. semester\Software Design Methods\Assignments\cs332-assign\forcomp\src\main\scala\forcomp\Anagrams.scala. Using presentation compiler with project's scala-library version: 3.3.6
2025.10.04 03:40:52 INFO  no build target found for C:\Users\pixel\Desktop\Education\5. semester\Software Design Methods\Assignments\cs332-assign\forcomp\src\main\scala\forcomp\Anagrams.scala. Using presentation compiler with project's scala-library version: 3.3.6
2025.10.04 03:40:52 INFO  no build target found for C:\Users\pixel\Desktop\Education\5. semester\Software Design Methods\Assignments\cs332-assign\forcomp\src\main\scala\forcomp\Anagrams.scala. Using presentation compiler with project's scala-library version: 3.3.6
2025.10.04 03:40:52 INFO  no build target found for C:\Users\pixel\Desktop\Education\5. semester\Software Design Methods\Assignments\cs332-assign\forcomp\src\main\scala\forcomp\Anagrams.scala. Using presentation compiler with project's scala-library version: 3.3.6
2025.10.04 03:40:52 INFO  no build target found for C:\Users\pixel\Desktop\Education\5. semester\Software Design Methods\Assignments\cs332-assign\forcomp\src\main\scala\forcomp\Anagrams.scala. Using presentation compiler with project's scala-library version: 3.3.6
2025.10.04 03:40:52 INFO  no build target found for C:\Users\pixel\Desktop\Education\5. semester\Software Design Methods\Assignments\cs332-assign\forcomp\src\main\scala\forcomp\Anagrams.scala. Using presentation compiler with project's scala-library version: 3.3.6
2025.10.04 03:40:52 INFO  no build target found for C:\Users\pixel\Desktop\Education\5. semester\Software Design Methods\Assignments\cs332-assign\forcomp\src\main\scala\forcomp\Anagrams.scala. Using presentation compiler with project's scala-library version: 3.3.6
2025.10.04 03:40:52 INFO  no build target found for C:\Users\pixel\Desktop\Education\5. semester\Software Design Methods\Assignments\cs332-assign\forcomp\src\main\scala\forcomp\Anagrams.scala. Using presentation compiler with project's scala-library version: 3.3.6
2025.10.04 03:40:52 INFO  no build target found for C:\Users\pixel\Desktop\Education\5. semester\Software Design Methods\Assignments\cs332-assign\forcomp\src\main\scala\forcomp\Anagrams.scala. Using presentation compiler with project's scala-library version: 3.3.6
2025.10.04 03:40:52 INFO  no build target found for C:\Users\pixel\Desktop\Education\5. semester\Software Design Methods\Assignments\cs332-assign\forcomp\src\main\scala\forcomp\Anagrams.scala. Using presentation compiler with project's scala-library version: 3.3.6
2025.10.04 03:40:52 INFO  no build target found for C:\Users\pixel\Desktop\Education\5. semester\Software Design Methods\Assignments\cs332-assign\forcomp\src\main\scala\forcomp\Anagrams.scala. Using presentation compiler with project's scala-library version: 3.3.6
2025.10.04 03:40:52 INFO  no build target found for C:\Users\pixel\Desktop\Education\5. semester\Software Design Methods\Assignments\cs332-assign\forcomp\src\main\scala\forcomp\Anagrams.scala. Using presentation compiler with project's scala-library version: 3.3.6
2025.10.04 03:40:52 INFO  no build target found for C:\Users\pixel\Desktop\Education\5. semester\Software Design Methods\Assignments\cs332-assign\forcomp\src\main\scala\forcomp\Anagrams.scala. Using presentation compiler with project's scala-library version: 3.3.6
2025.10.04 03:40:52 INFO  no build target found for C:\Users\pixel\Desktop\Education\5. semester\Software Design Methods\Assignments\cs332-assign\forcomp\src\main\scala\forcomp\Anagrams.scala. Using presentation compiler with project's scala-library version: 3.3.6
2025.10.04 03:40:52 INFO  no build target found for C:\Users\pixel\Desktop\Education\5. semester\Software Design Methods\Assignments\cs332-assign\forcomp\src\main\scala\forcomp\Anagrams.scala. Using presentation compiler with project's scala-library version: 3.3.6
2025.10.04 03:40:52 INFO  no build target found for C:\Users\pixel\Desktop\Education\5. semester\Software Design Methods\Assignments\cs332-assign\forcomp\src\main\scala\forcomp\Anagrams.scala. Using presentation compiler with project's scala-library version: 3.3.6
2025.10.04 03:40:52 INFO  no build target found for C:\Users\pixel\Desktop\Education\5. semester\Software Design Methods\Assignments\cs332-assign\forcomp\src\main\scala\forcomp\Anagrams.scala. Using presentation compiler with project's scala-library version: 3.3.6
2025.10.04 03:40:52 INFO  no build target found for C:\Users\pixel\Desktop\Education\5. semester\Software Design Methods\Assignments\cs332-assign\forcomp\src\main\scala\forcomp\Anagrams.scala. Using presentation compiler with project's scala-library version: 3.3.6
2025.10.04 03:40:52 INFO  no build target found for C:\Users\pixel\Desktop\Education\5. semester\Software Design Methods\Assignments\cs332-assign\forcomp\src\main\scala\forcomp\Anagrams.scala. Using presentation compiler with project's scala-library version: 3.3.6
2025.10.04 03:40:52 INFO  no build target found for C:\Users\pixel\Desktop\Education\5. semester\Software Design Methods\Assignments\cs332-assign\forcomp\src\main\scala\forcomp\Anagrams.scala. Using presentation compiler with project's scala-library version: 3.3.6
2025.10.04 03:40:52 INFO  no build target found for C:\Users\pixel\Desktop\Education\5. semester\Software Design Methods\Assignments\cs332-assign\forcomp\src\main\scala\forcomp\Anagrams.scala. Using presentation compiler with project's scala-library version: 3.3.6
2025.10.04 03:40:52 INFO  no build target found for C:\Users\pixel\Desktop\Education\5. semester\Software Design Methods\Assignments\cs332-assign\forcomp\src\main\scala\forcomp\Anagrams.scala. Using presentation compiler with project's scala-library version: 3.3.6
2025.10.04 03:40:52 INFO  no build target found for C:\Users\pixel\Desktop\Education\5. semester\Software Design Methods\Assignments\cs332-assign\forcomp\src\main\scala\forcomp\Anagrams.scala. Using presentation compiler with project's scala-library version: 3.3.6
2025.10.04 03:40:52 INFO  no build target found for C:\Users\pixel\Desktop\Education\5. semester\Software Design Methods\Assignments\cs332-assign\forcomp\src\main\scala\forcomp\Anagrams.scala. Using presentation compiler with project's scala-library version: 3.3.6
2025.10.04 03:40:52 INFO  no build target found for C:\Users\pixel\Desktop\Education\5. semester\Software Design Methods\Assignments\cs332-assign\forcomp\src\main\scala\forcomp\Anagrams.scala. Using presentation compiler with project's scala-library version: 3.3.6
2025.10.04 03:40:54 INFO  no build target found for C:\Users\pixel\Desktop\Education\5. semester\Software Design Methods\Assignments\cs332-assign\forcomp\src\main\scala\forcomp\Anagrams.scala. Using presentation compiler with project's scala-library version: 3.3.6
2025.10.04 03:40:54 INFO  no build target found for C:\Users\pixel\Desktop\Education\5. semester\Software Design Methods\Assignments\cs332-assign\forcomp\src\main\scala\forcomp\Anagrams.scala. Using presentation compiler with project's scala-library version: 3.3.6
2025.10.04 03:40:54 INFO  no build target found for C:\Users\pixel\Desktop\Education\5. semester\Software Design Methods\Assignments\cs332-assign\forcomp\src\main\scala\forcomp\Anagrams.scala. Using presentation compiler with project's scala-library version: 3.3.6
2025.10.04 03:40:54 INFO  no build target found for C:\Users\pixel\Desktop\Education\5. semester\Software Design Methods\Assignments\cs332-assign\forcomp\src\main\scala\forcomp\Anagrams.scala. Using presentation compiler with project's scala-library version: 3.3.6
2025.10.04 03:40:54 INFO  no build target found for C:\Users\pixel\Desktop\Education\5. semester\Software Design Methods\Assignments\cs332-assign\forcomp\src\main\scala\forcomp\Anagrams.scala. Using presentation compiler with project's scala-library version: 3.3.6
2025.10.04 03:40:54 INFO  no build target found for C:\Users\pixel\Desktop\Education\5. semester\Software Design Methods\Assignments\cs332-assign\forcomp\src\main\scala\forcomp\Anagrams.scala. Using presentation compiler with project's scala-library version: 3.3.6
2025.10.04 03:40:54 INFO  no build target found for C:\Users\pixel\Desktop\Education\5. semester\Software Design Methods\Assignments\cs332-assign\forcomp\src\main\scala\forcomp\Anagrams.scala. Using presentation compiler with project's scala-library version: 3.3.6
2025.10.04 03:40:54 INFO  no build target found for C:\Users\pixel\Desktop\Education\5. semester\Software Design Methods\Assignments\cs332-assign\forcomp\src\main\scala\forcomp\Anagrams.scala. Using presentation compiler with project's scala-library version: 3.3.6
2025.10.04 03:40:54 INFO  no build target found for C:\Users\pixel\Desktop\Education\5. semester\Software Design Methods\Assignments\cs332-assign\forcomp\src\main\scala\forcomp\Anagrams.scala. Using presentation compiler with project's scala-library version: 3.3.6
2025.10.04 03:40:54 INFO  no build target found for C:\Users\pixel\Desktop\Education\5. semester\Software Design Methods\Assignments\cs332-assign\forcomp\src\main\scala\forcomp\Anagrams.scala. Using presentation compiler with project's scala-library version: 3.3.6
2025.10.04 03:40:54 INFO  no build target found for C:\Users\pixel\Desktop\Education\5. semester\Software Design Methods\Assignments\cs332-assign\forcomp\src\main\scala\forcomp\Anagrams.scala. Using presentation compiler with project's scala-library version: 3.3.6
2025.10.04 03:40:54 INFO  no build target found for C:\Users\pixel\Desktop\Education\5. semester\Software Design Methods\Assignments\cs332-assign\forcomp\src\main\scala\forcomp\Anagrams.scala. Using presentation compiler with project's scala-library version: 3.3.6
2025.10.04 03:40:54 INFO  no build target found for C:\Users\pixel\Desktop\Education\5. semester\Software Design Methods\Assignments\cs332-assign\forcomp\src\main\scala\forcomp\Anagrams.scala. Using presentation compiler with project's scala-library version: 3.3.6
2025.10.04 03:40:54 INFO  no build target found for C:\Users\pixel\Desktop\Education\5. semester\Software Design Methods\Assignments\cs332-assign\forcomp\src\main\scala\forcomp\Anagrams.scala. Using presentation compiler with project's scala-library version: 3.3.6
2025.10.04 03:40:54 INFO  no build target found for C:\Users\pixel\Desktop\Education\5. semester\Software Design Methods\Assignments\cs332-assign\forcomp\src\main\scala\forcomp\Anagrams.scala. Using presentation compiler with project's scala-library version: 3.3.6
Oct 04, 2025 3:40:54 AM org.eclipse.lsp4j.jsonrpc.RemoteEndpoint handleCancellation
WARNING: Unmatched cancel notification for request id 182
2025.10.04 03:40:54 INFO  no build target found for C:\Users\pixel\Desktop\Education\5. semester\Software Design Methods\Assignments\cs332-assign\forcomp\src\main\scala\forcomp\Anagrams.scala. Using presentation compiler with project's scala-library version: 3.3.6
2025.10.04 03:40:54 INFO  no build target found for C:\Users\pixel\Desktop\Education\5. semester\Software Design Methods\Assignments\cs332-assign\forcomp\src\main\scala\forcomp\Anagrams.scala. Using presentation compiler with project's scala-library version: 3.3.6
2025.10.04 03:40:54 INFO  no build target found for C:\Users\pixel\Desktop\Education\5. semester\Software Design Methods\Assignments\cs332-assign\forcomp\src\main\scala\forcomp\Anagrams.scala. Using presentation compiler with project's scala-library version: 3.3.6
2025.10.04 03:40:55 INFO  no build target found for C:\Users\pixel\Desktop\Education\5. semester\Software Design Methods\Assignments\cs332-assign\forcomp\src\main\scala\forcomp\Anagrams.scala. Using presentation compiler with project's scala-library version: 3.3.6
2025.10.04 03:40:55 INFO  no build target found for C:\Users\pixel\Desktop\Education\5. semester\Software Design Methods\Assignments\cs332-assign\forcomp\src\main\scala\forcomp\Anagrams.scala. Using presentation compiler with project's scala-library version: 3.3.6
2025.10.04 03:40:55 INFO  no build target found for C:\Users\pixel\Desktop\Education\5. semester\Software Design Methods\Assignments\cs332-assign\forcomp\src\main\scala\forcomp\Anagrams.scala. Using presentation compiler with project's scala-library version: 3.3.6
2025.10.04 03:40:55 INFO  no build target found for C:\Users\pixel\Desktop\Education\5. semester\Software Design Methods\Assignments\cs332-assign\forcomp\src\main\scala\forcomp\Anagrams.scala. Using presentation compiler with project's scala-library version: 3.3.6
2025.10.04 03:40:55 INFO  no build target found for C:\Users\pixel\Desktop\Education\5. semester\Software Design Methods\Assignments\cs332-assign\forcomp\src\main\scala\forcomp\Anagrams.scala. Using presentation compiler with project's scala-library version: 3.3.6
2025.10.04 03:40:56 INFO  no build target found for C:\Users\pixel\Desktop\Education\5. semester\Software Design Methods\Assignments\cs332-assign\forcomp\src\main\scala\forcomp\Anagrams.scala. Using presentation compiler with project's scala-library version: 3.3.6
2025.10.04 03:40:56 INFO  no build target found for C:\Users\pixel\Desktop\Education\5. semester\Software Design Methods\Assignments\cs332-assign\forcomp\src\main\scala\forcomp\Anagrams.scala. Using presentation compiler with project's scala-library version: 3.3.6
2025.10.04 03:40:56 INFO  no build target found for C:\Users\pixel\Desktop\Education\5. semester\Software Design Methods\Assignments\cs332-assign\forcomp\src\main\scala\forcomp\Anagrams.scala. Using presentation compiler with project's scala-library version: 3.3.6
2025.10.04 03:40:56 INFO  no build target found for C:\Users\pixel\Desktop\Education\5. semester\Software Design Methods\Assignments\cs332-assign\forcomp\src\main\scala\forcomp\Anagrams.scala. Using presentation compiler with project's scala-library version: 3.3.6
2025.10.04 03:40:57 INFO  no build target found for C:\Users\pixel\Desktop\Education\5. semester\Software Design Methods\Assignments\cs332-assign\forcomp\src\main\scala\forcomp\Anagrams.scala. Using presentation compiler with project's scala-library version: 3.3.6
2025.10.04 03:40:56 INFO  no build target found for C:\Users\pixel\Desktop\Education\5. semester\Software Design Methods\Assignments\cs332-assign\forcomp\src\main\scala\forcomp\Anagrams.scala. Using presentation compiler with project's scala-library version: 3.3.6
2025.10.04 03:40:56 INFO  no build target found for C:\Users\pixel\Desktop\Education\5. semester\Software Design Methods\Assignments\cs332-assign\forcomp\src\main\scala\forcomp\Anagrams.scala. Using presentation compiler with project's scala-library version: 3.3.6
2025.10.04 03:40:57 INFO  no build target found for C:\Users\pixel\Desktop\Education\5. semester\Software Design Methods\Assignments\cs332-assign\forcomp\src\main\scala\forcomp\Anagrams.scala. Using presentation compiler with project's scala-library version: 3.3.6
2025.10.04 03:40:57 INFO  no build target found for C:\Users\pixel\Desktop\Education\5. semester\Software Design Methods\Assignments\cs332-assign\forcomp\src\main\scala\forcomp\Anagrams.scala. Using presentation compiler with project's scala-library version: 3.3.6
2025.10.04 03:40:57 INFO  no build target found for C:\Users\pixel\Desktop\Education\5. semester\Software Design Methods\Assignments\cs332-assign\forcomp\src\main\scala\forcomp\Anagrams.scala. Using presentation compiler with project's scala-library version: 3.3.6
2025.10.04 03:40:57 INFO  no build target found for C:\Users\pixel\Desktop\Education\5. semester\Software Design Methods\Assignments\cs332-assign\forcomp\src\main\scala\forcomp\Anagrams.scala. Using presentation compiler with project's scala-library version: 3.3.6
2025.10.04 03:40:57 INFO  no build target found for C:\Users\pixel\Desktop\Education\5. semester\Software Design Methods\Assignments\cs332-assign\forcomp\src\main\scala\forcomp\Anagrams.scala. Using presentation compiler with project's scala-library version: 3.3.6
2025.10.04 03:40:58 INFO  no build target found for C:\Users\pixel\Desktop\Education\5. semester\Software Design Methods\Assignments\cs332-assign\forcomp\src\main\scala\forcomp\Anagrams.scala. Using presentation compiler with project's scala-library version: 3.3.6
2025.10.04 03:40:58 INFO  no build target found for C:\Users\pixel\Desktop\Education\5. semester\Software Design Methods\Assignments\cs332-assign\forcomp\src\main\scala\forcomp\Anagrams.scala. Using presentation compiler with project's scala-library version: 3.3.6
2025.10.04 03:40:58 INFO  no build target found for C:\Users\pixel\Desktop\Education\5. semester\Software Design Methods\Assignments\cs332-assign\forcomp\src\main\scala\forcomp\Anagrams.scala. Using presentation compiler with project's scala-library version: 3.3.6
2025.10.04 03:40:58 INFO  no build target found for C:\Users\pixel\Desktop\Education\5. semester\Software Design Methods\Assignments\cs332-assign\forcomp\src\main\scala\forcomp\Anagrams.scala. Using presentation compiler with project's scala-library version: 3.3.6
2025.10.04 03:41:00 INFO  no build target found for C:\Users\pixel\Desktop\Education\5. semester\Software Design Methods\Assignments\cs332-assign\forcomp\src\main\scala\forcomp\Anagrams.scala. Using presentation compiler with project's scala-library version: 3.3.6
2025.10.04 03:41:00 INFO  no build target found for C:\Users\pixel\Desktop\Education\5. semester\Software Design Methods\Assignments\cs332-assign\forcomp\src\main\scala\forcomp\Anagrams.scala. Using presentation compiler with project's scala-library version: 3.3.6
2025.10.04 03:41:00 INFO  no build target found for C:\Users\pixel\Desktop\Education\5. semester\Software Design Methods\Assignments\cs332-assign\forcomp\src\main\scala\forcomp\Anagrams.scala. Using presentation compiler with project's scala-library version: 3.3.6
2025.10.04 03:41:00 INFO  no build target found for C:\Users\pixel\Desktop\Education\5. semester\Software Design Methods\Assignments\cs332-assign\forcomp\src\main\scala\forcomp\Anagrams.scala. Using presentation compiler with project's scala-library version: 3.3.6
2025.10.04 03:41:00 INFO  no build target found for C:\Users\pixel\Desktop\Education\5. semester\Software Design Methods\Assignments\cs332-assign\forcomp\src\main\scala\forcomp\Anagrams.scala. Using presentation compiler with project's scala-library version: 3.3.6
2025.10.04 03:41:00 INFO  no build target found for C:\Users\pixel\Desktop\Education\5. semester\Software Design Methods\Assignments\cs332-assign\forcomp\src\main\scala\forcomp\Anagrams.scala. Using presentation compiler with project's scala-library version: 3.3.6
2025.10.04 03:41:01 INFO  no build target found for C:\Users\pixel\Desktop\Education\5. semester\Software Design Methods\Assignments\cs332-assign\forcomp\src\main\scala\forcomp\Anagrams.scala. Using presentation compiler with project's scala-library version: 3.3.6
2025.10.04 03:41:01 INFO  no build target found for C:\Users\pixel\Desktop\Education\5. semester\Software Design Methods\Assignments\cs332-assign\forcomp\src\main\scala\forcomp\Anagrams.scala. Using presentation compiler with project's scala-library version: 3.3.6
2025.10.04 03:41:01 INFO  no build target found for C:\Users\pixel\Desktop\Education\5. semester\Software Design Methods\Assignments\cs332-assign\forcomp\src\main\scala\forcomp\Anagrams.scala. Using presentation compiler with project's scala-library version: 3.3.6
2025.10.04 03:41:01 INFO  no build target found for C:\Users\pixel\Desktop\Education\5. semester\Software Design Methods\Assignments\cs332-assign\forcomp\src\main\scala\forcomp\Anagrams.scala. Using presentation compiler with project's scala-library version: 3.3.6
2025.10.04 03:41:01 INFO  no build target found for C:\Users\pixel\Desktop\Education\5. semester\Software Design Methods\Assignments\cs332-assign\forcomp\src\main\scala\forcomp\Anagrams.scala. Using presentation compiler with project's scala-library version: 3.3.6
2025.10.04 03:41:01 INFO  no build target found for C:\Users\pixel\Desktop\Education\5. semester\Software Design Methods\Assignments\cs332-assign\forcomp\src\main\scala\forcomp\Anagrams.scala. Using presentation compiler with project's scala-library version: 3.3.6
2025.10.04 03:41:02 INFO  no build target found for C:\Users\pixel\Desktop\Education\5. semester\Software Design Methods\Assignments\cs332-assign\forcomp\src\main\scala\forcomp\Anagrams.scala. Using presentation compiler with project's scala-library version: 3.3.6
2025.10.04 03:41:03 INFO  no build target found for C:\Users\pixel\Desktop\Education\5. semester\Software Design Methods\Assignments\cs332-assign\forcomp\src\main\scala\forcomp\Anagrams.scala. Using presentation compiler with project's scala-library version: 3.3.6
2025.10.04 03:41:03 INFO  no build target found for C:\Users\pixel\Desktop\Education\5. semester\Software Design Methods\Assignments\cs332-assign\forcomp\src\main\scala\forcomp\Anagrams.scala. Using presentation compiler with project's scala-library version: 3.3.6
2025.10.04 03:41:03 INFO  no build target found for C:\Users\pixel\Desktop\Education\5. semester\Software Design Methods\Assignments\cs332-assign\forcomp\src\main\scala\forcomp\Anagrams.scala. Using presentation compiler with project's scala-library version: 3.3.6
2025.10.04 03:41:03 INFO  no build target found for C:\Users\pixel\Desktop\Education\5. semester\Software Design Methods\Assignments\cs332-assign\forcomp\src\main\scala\forcomp\Anagrams.scala. Using presentation compiler with project's scala-library version: 3.3.6
2025.10.04 03:41:03 INFO  no build target found for C:\Users\pixel\Desktop\Education\5. semester\Software Design Methods\Assignments\cs332-assign\forcomp\src\main\scala\forcomp\Anagrams.scala. Using presentation compiler with project's scala-library version: 3.3.6
2025.10.04 03:41:03 INFO  no build target found for C:\Users\pixel\Desktop\Education\5. semester\Software Design Methods\Assignments\cs332-assign\forcomp\src\main\scala\forcomp\Anagrams.scala. Using presentation compiler with project's scala-library version: 3.3.6
2025.10.04 03:41:03 INFO  no build target found for C:\Users\pixel\Desktop\Education\5. semester\Software Design Methods\Assignments\cs332-assign\forcomp\src\main\scala\forcomp\Anagrams.scala. Using presentation compiler with project's scala-library version: 3.3.6
2025.10.04 03:41:03 INFO  no build target found for C:\Users\pixel\Desktop\Education\5. semester\Software Design Methods\Assignments\cs332-assign\forcomp\src\main\scala\forcomp\Anagrams.scala. Using presentation compiler with project's scala-library version: 3.3.6
2025.10.04 03:41:03 INFO  no build target found for C:\Users\pixel\Desktop\Education\5. semester\Software Design Methods\Assignments\cs332-assign\forcomp\src\main\scala\forcomp\Anagrams.scala. Using presentation compiler with project's scala-library version: 3.3.6
2025.10.04 03:41:03 INFO  no build target found for C:\Users\pixel\Desktop\Education\5. semester\Software Design Methods\Assignments\cs332-assign\forcomp\src\main\scala\forcomp\Anagrams.scala. Using presentation compiler with project's scala-library version: 3.3.6
2025.10.04 03:41:03 INFO  no build target found for C:\Users\pixel\Desktop\Education\5. semester\Software Design Methods\Assignments\cs332-assign\forcomp\src\main\scala\forcomp\Anagrams.scala. Using presentation compiler with project's scala-library version: 3.3.6
2025.10.04 03:41:03 INFO  no build target found for C:\Users\pixel\Desktop\Education\5. semester\Software Design Methods\Assignments\cs332-assign\forcomp\src\main\scala\forcomp\Anagrams.scala. Using presentation compiler with project's scala-library version: 3.3.6
2025.10.04 03:41:03 INFO  no build target found for C:\Users\pixel\Desktop\Education\5. semester\Software Design Methods\Assignments\cs332-assign\forcomp\src\main\scala\forcomp\Anagrams.scala. Using presentation compiler with project's scala-library version: 3.3.6
2025.10.04 03:41:03 INFO  no build target found for C:\Users\pixel\Desktop\Education\5. semester\Software Design Methods\Assignments\cs332-assign\forcomp\src\main\scala\forcomp\Anagrams.scala. Using presentation compiler with project's scala-library version: 3.3.6
2025.10.04 03:41:03 INFO  no build target found for C:\Users\pixel\Desktop\Education\5. semester\Software Design Methods\Assignments\cs332-assign\forcomp\src\main\scala\forcomp\Anagrams.scala. Using presentation compiler with project's scala-library version: 3.3.6
2025.10.04 03:41:03 INFO  no build target found for C:\Users\pixel\Desktop\Education\5. semester\Software Design Methods\Assignments\cs332-assign\forcomp\src\main\scala\forcomp\Anagrams.scala. Using presentation compiler with project's scala-library version: 3.3.6
2025.10.04 03:41:03 INFO  no build target found for C:\Users\pixel\Desktop\Education\5. semester\Software Design Methods\Assignments\cs332-assign\forcomp\src\main\scala\forcomp\Anagrams.scala. Using presentation compiler with project's scala-library version: 3.3.6
2025.10.04 03:41:03 INFO  no build target found for C:\Users\pixel\Desktop\Education\5. semester\Software Design Methods\Assignments\cs332-assign\forcomp\src\main\scala\forcomp\Anagrams.scala. Using presentation compiler with project's scala-library version: 3.3.6
2025.10.04 03:41:03 INFO  no build target found for C:\Users\pixel\Desktop\Education\5. semester\Software Design Methods\Assignments\cs332-assign\forcomp\src\main\scala\forcomp\Anagrams.scala. Using presentation compiler with project's scala-library version: 3.3.6
2025.10.04 03:41:04 INFO  no build target found for C:\Users\pixel\Desktop\Education\5. semester\Software Design Methods\Assignments\cs332-assign\forcomp\src\main\scala\forcomp\Anagrams.scala. Using presentation compiler with project's scala-library version: 3.3.6
2025.10.04 03:41:04 INFO  no build target found for C:\Users\pixel\Desktop\Education\5. semester\Software Design Methods\Assignments\cs332-assign\forcomp\src\main\scala\forcomp\Anagrams.scala. Using presentation compiler with project's scala-library version: 3.3.6
2025.10.04 03:41:04 INFO  no build target found for C:\Users\pixel\Desktop\Education\5. semester\Software Design Methods\Assignments\cs332-assign\forcomp\src\main\scala\forcomp\Anagrams.scala. Using presentation compiler with project's scala-library version: 3.3.6
2025.10.04 03:41:04 INFO  no build target found for C:\Users\pixel\Desktop\Education\5. semester\Software Design Methods\Assignments\cs332-assign\forcomp\src\main\scala\forcomp\Anagrams.scala. Using presentation compiler with project's scala-library version: 3.3.6
2025.10.04 03:41:04 INFO  no build target found for C:\Users\pixel\Desktop\Education\5. semester\Software Design Methods\Assignments\cs332-assign\forcomp\src\main\scala\forcomp\Anagrams.scala. Using presentation compiler with project's scala-library version: 3.3.6
2025.10.04 03:41:04 INFO  no build target found for C:\Users\pixel\Desktop\Education\5. semester\Software Design Methods\Assignments\cs332-assign\forcomp\src\main\scala\forcomp\Anagrams.scala. Using presentation compiler with project's scala-library version: 3.3.6
2025.10.04 03:41:04 INFO  no build target found for C:\Users\pixel\Desktop\Education\5. semester\Software Design Methods\Assignments\cs332-assign\forcomp\src\main\scala\forcomp\Anagrams.scala. Using presentation compiler with project's scala-library version: 3.3.6
2025.10.04 03:41:04 INFO  no build target found for C:\Users\pixel\Desktop\Education\5. semester\Software Design Methods\Assignments\cs332-assign\forcomp\src\main\scala\forcomp\Anagrams.scala. Using presentation compiler with project's scala-library version: 3.3.6
2025.10.04 03:41:04 INFO  no build target found for C:\Users\pixel\Desktop\Education\5. semester\Software Design Methods\Assignments\cs332-assign\forcomp\src\main\scala\forcomp\Anagrams.scala. Using presentation compiler with project's scala-library version: 3.3.6
2025.10.04 03:41:04 INFO  no build target found for C:\Users\pixel\Desktop\Education\5. semester\Software Design Methods\Assignments\cs332-assign\forcomp\src\main\scala\forcomp\Anagrams.scala. Using presentation compiler with project's scala-library version: 3.3.6
2025.10.04 03:41:04 INFO  no build target found for C:\Users\pixel\Desktop\Education\5. semester\Software Design Methods\Assignments\cs332-assign\forcomp\src\main\scala\forcomp\Anagrams.scala. Using presentation compiler with project's scala-library version: 3.3.6
2025.10.04 03:41:04 INFO  no build target found for C:\Users\pixel\Desktop\Education\5. semester\Software Design Methods\Assignments\cs332-assign\forcomp\src\main\scala\forcomp\Anagrams.scala. Using presentation compiler with project's scala-library version: 3.3.6
2025.10.04 03:41:04 INFO  no build target found for C:\Users\pixel\Desktop\Education\5. semester\Software Design Methods\Assignments\cs332-assign\forcomp\src\main\scala\forcomp\Anagrams.scala. Using presentation compiler with project's scala-library version: 3.3.6
2025.10.04 03:41:04 INFO  no build target found for C:\Users\pixel\Desktop\Education\5. semester\Software Design Methods\Assignments\cs332-assign\forcomp\src\main\scala\forcomp\Anagrams.scala. Using presentation compiler with project's scala-library version: 3.3.6
2025.10.04 03:41:05 INFO  no build target found for C:\Users\pixel\Desktop\Education\5. semester\Software Design Methods\Assignments\cs332-assign\forcomp\src\main\scala\forcomp\Anagrams.scala. Using presentation compiler with project's scala-library version: 3.3.6
2025.10.04 03:41:05 INFO  no build target found for C:\Users\pixel\Desktop\Education\5. semester\Software Design Methods\Assignments\cs332-assign\forcomp\src\main\scala\forcomp\Anagrams.scala. Using presentation compiler with project's scala-library version: 3.3.6
2025.10.04 03:41:05 INFO  no build target found for C:\Users\pixel\Desktop\Education\5. semester\Software Design Methods\Assignments\cs332-assign\forcomp\src\main\scala\forcomp\Anagrams.scala. Using presentation compiler with project's scala-library version: 3.3.6
2025.10.04 03:41:05 INFO  no build target found for C:\Users\pixel\Desktop\Education\5. semester\Software Design Methods\Assignments\cs332-assign\forcomp\src\main\scala\forcomp\Anagrams.scala. Using presentation compiler with project's scala-library version: 3.3.6
2025.10.04 03:41:05 INFO  no build target found for C:\Users\pixel\Desktop\Education\5. semester\Software Design Methods\Assignments\cs332-assign\forcomp\src\main\scala\forcomp\Anagrams.scala. Using presentation compiler with project's scala-library version: 3.3.6
2025.10.04 03:41:05 INFO  no build target found for C:\Users\pixel\Desktop\Education\5. semester\Software Design Methods\Assignments\cs332-assign\forcomp\src\main\scala\forcomp\Anagrams.scala. Using presentation compiler with project's scala-library version: 3.3.6
2025.10.04 03:41:05 INFO  no build target found for C:\Users\pixel\Desktop\Education\5. semester\Software Design Methods\Assignments\cs332-assign\forcomp\src\main\scala\forcomp\Anagrams.scala. Using presentation compiler with project's scala-library version: 3.3.6
2025.10.04 03:41:05 INFO  no build target found for C:\Users\pixel\Desktop\Education\5. semester\Software Design Methods\Assignments\cs332-assign\forcomp\src\main\scala\forcomp\Anagrams.scala. Using presentation compiler with project's scala-library version: 3.3.6
2025.10.04 03:41:15 INFO  no build target found for C:\Users\pixel\Desktop\Education\5. semester\Software Design Methods\Assignments\cs332-assign\forcomp\src\main\scala\forcomp\Anagrams.scala. Using presentation compiler with project's scala-library version: 3.3.6
2025.10.04 03:41:15 INFO  no build target found for C:\Users\pixel\Desktop\Education\5. semester\Software Design Methods\Assignments\cs332-assign\forcomp\src\main\scala\forcomp\Anagrams.scala. Using presentation compiler with project's scala-library version: 3.3.6
2025.10.04 03:41:15 INFO  no build target found for C:\Users\pixel\Desktop\Education\5. semester\Software Design Methods\Assignments\cs332-assign\forcomp\src\main\scala\forcomp\Anagrams.scala. Using presentation compiler with project's scala-library version: 3.3.6
2025.10.04 03:41:15 INFO  no build target found for C:\Users\pixel\Desktop\Education\5. semester\Software Design Methods\Assignments\cs332-assign\forcomp\src\main\scala\forcomp\Anagrams.scala. Using presentation compiler with project's scala-library version: 3.3.6
2025.10.04 03:41:15 INFO  no build target found for C:\Users\pixel\Desktop\Education\5. semester\Software Design Methods\Assignments\cs332-assign\forcomp\src\main\scala\forcomp\Anagrams.scala. Using presentation compiler with project's scala-library version: 3.3.6
2025.10.04 03:41:31 INFO  no build target found for C:\Users\pixel\Desktop\Education\5. semester\Software Design Methods\Assignments\cs332-assign\forcomp\src\main\scala\forcomp\Anagrams.scala. Using presentation compiler with project's scala-library version: 3.3.6
2025.10.04 03:41:48 INFO  no build target found for C:\Users\pixel\Desktop\Education\5. semester\Software Design Methods\Assignments\cs332-assign\forcomp\src\main\scala\forcomp\Anagrams.scala. Using presentation compiler with project's scala-library version: 3.3.6
2025.10.04 03:41:48 INFO  no build target found for C:\Users\pixel\Desktop\Education\5. semester\Software Design Methods\Assignments\cs332-assign\forcomp\src\main\scala\forcomp\Anagrams.scala. Using presentation compiler with project's scala-library version: 3.3.6
2025.10.04 03:41:48 INFO  no build target found for C:\Users\pixel\Desktop\Education\5. semester\Software Design Methods\Assignments\cs332-assign\forcomp\src\main\scala\forcomp\Anagrams.scala. Using presentation compiler with project's scala-library version: 3.3.6
2025.10.04 03:41:49 WARN  no build target for: C:\Users\pixel\Desktop\Education\5. semester\Software Design Methods\Assignments\cs332-assign\forcomp\src\main\scala\forcomp\Anagrams.scala
2025.10.04 03:41:50 INFO  no build target found for C:\Users\pixel\Desktop\Education\5. semester\Software Design Methods\Assignments\cs332-assign\forcomp\src\main\scala\forcomp\Anagrams.scala. Using presentation compiler with project's scala-library version: 3.3.6
2025.10.04 03:41:50 INFO  Shutting down server
2025.10.04 03:41:50 INFO  shutting down Metals
